42851:C 01 Feb 2019 21:41:59.634 # oO0OoO0OoO0Oo Redis is starting oO0OoO0OoO0Oo
42851:C 01 Feb 2019 21:41:59.634 # Redis version=5.0.1, bits=64, commit=00000000, modified=0, pid=42851, just started
42851:C 01 Feb 2019 21:41:59.634 # Configuration loaded
42852:M 01 Feb 2019 21:41:59.636 * Increased maximum number of open files to 10032 (it was originally set to 256).
42852:M 01 Feb 2019 21:41:59.637 * No cluster configuration found, I'm 9474b6b09f27c9f1ff3c4dc5c84f9bb570ab0c8e
42852:M 01 Feb 2019 21:41:59.638 * Running mode=cluster, port=30006.
42852:M 01 Feb 2019 21:41:59.639 # Server initialized
42852:M 01 Feb 2019 21:41:59.639 * Ready to accept connections
42852:M 01 Feb 2019 21:42:03.128 # configEpoch set to 6 via CLUSTER SET-CONFIG-EPOCH
42852:M 01 Feb 2019 21:42:03.254 # IP address for this node updated to 127.0.0.1
42852:S 01 Feb 2019 21:42:05.147 * Before turning into a replica, using my master parameters to synthesize a cached master: I may be able to synchronize with the new master with just a partial transfer.
42852:S 01 Feb 2019 21:42:05.147 # Cluster state changed: ok
42852:S 01 Feb 2019 21:42:05.707 * Connecting to MASTER 127.0.0.1:30003
42852:S 01 Feb 2019 21:42:05.708 * MASTER <-> REPLICA sync started
42852:S 01 Feb 2019 21:42:05.708 * Non blocking connect for SYNC fired the event.
42852:S 01 Feb 2019 21:42:05.709 * Master replied to PING, replication can continue...
42852:S 01 Feb 2019 21:42:05.709 * Trying a partial resynchronization (request c211a3622ce01063a5dd7f7d3e3b718a2361a7d0:1).
42852:S 01 Feb 2019 21:42:05.711 * Full resync from master: d31dc17e965ff3b78b786934f7fcdba4d2512e05:0
42852:S 01 Feb 2019 21:42:05.712 * Discarding previously cached master state.
42852:S 01 Feb 2019 21:42:05.788 * MASTER <-> REPLICA sync: receiving 175 bytes from master
42852:S 01 Feb 2019 21:42:05.788 * MASTER <-> REPLICA sync: Flushing old data
42852:S 01 Feb 2019 21:42:05.788 * MASTER <-> REPLICA sync: Loading DB in memory
42852:S 01 Feb 2019 21:42:05.789 * MASTER <-> REPLICA sync: Finished with success
42852:S 01 Feb 2019 21:42:05.789 * Background append only file rewriting started by pid 42883
42852:S 01 Feb 2019 21:42:05.812 * AOF rewrite child asks to stop sending diffs.
42883:C 01 Feb 2019 21:42:05.812 * Parent agreed to stop sending diffs. Finalizing AOF...
42883:C 01 Feb 2019 21:42:05.812 * Concatenating 0.00 MB of AOF diff received from parent.
42883:C 01 Feb 2019 21:42:05.813 * SYNC append only file rewrite performed
42852:S 01 Feb 2019 21:42:05.910 * Background AOF rewrite terminated with success
42852:S 01 Feb 2019 21:42:05.911 * Residual parent diff successfully flushed to the rewritten AOF (0.00 MB)
42852:S 01 Feb 2019 21:42:05.911 * Background AOF rewrite finished successfully
